{"/Users/ryotogashi/simple-order-service/__test__/inventory/createInventory.test.js": {"path":"/Users/ryotogashi/simple-order-service/__test__/inventory/createInventory.test.js","statementMap":{"0":{"start":{"line":5,"column":2},"end":{"line":22,"column":5}},"1":{"start":{"line":6,"column":4},"end":{"line":21,"column":7}},"2":{"start":{"line":7,"column":6},"end":{"line":7,"column":27}},"3":{"start":{"line":8,"column":18},"end":{"line":15,"column":10}},"4":{"start":{"line":17,"column":6},"end":{"line":17,"column":35}},"5":{"start":{"line":18,"column":6},"end":{"line":20,"column":8}}},"fnMap":{"0":{"name":"createInventryText","decl":{"start":{"line":4,"column":9},"end":{"line":4,"column":27}},"loc":{"start":{"line":4,"column":30},"end":{"line":23,"column":1}},"line":4},"1":{"name":"(anonymous_1)","decl":{"start":{"line":5,"column":36},"end":{"line":5,"column":37}},"loc":{"start":{"line":5,"column":42},"end":{"line":22,"column":3}},"line":5},"2":{"name":"(anonymous_2)","decl":{"start":{"line":6,"column":15},"end":{"line":6,"column":16}},"loc":{"start":{"line":6,"column":27},"end":{"line":21,"column":5}},"line":6}},"branchMap":{},"s":{"0":1,"1":1,"2":1,"3":1,"4":1,"5":1},"f":{"0":1,"1":1,"2":1},"b":{},"_coverageSchema":"43e27e138ebf9cfc5966b082cf9a028302ed4184","hash":"4e6fb5e49be7169a5c9c734908610b9a0014b4b4"}
,"/Users/ryotogashi/simple-order-service/__test__/inventory/inventory.test.js": {"path":"/Users/ryotogashi/simple-order-service/__test__/inventory/inventory.test.js","statementMap":{"0":{"start":{"line":5,"column":2},"end":{"line":5,"column":24}},"1":{"start":{"line":6,"column":2},"end":{"line":6,"column":24}}},"fnMap":{"0":{"name":"inventoryTest","decl":{"start":{"line":4,"column":9},"end":{"line":4,"column":22}},"loc":{"start":{"line":4,"column":25},"end":{"line":7,"column":1}},"line":4}},"branchMap":{},"s":{"0":1,"1":1},"f":{"0":1},"b":{},"_coverageSchema":"43e27e138ebf9cfc5966b082cf9a028302ed4184","hash":"0b1f41dde78b199dc2fa3e565130156367c8e322"}
,"/Users/ryotogashi/simple-order-service/__test__/inventory/readInventories.test.js": {"path":"/Users/ryotogashi/simple-order-service/__test__/inventory/readInventories.test.js","statementMap":{"0":{"start":{"line":2,"column":2},"end":{"line":11,"column":5}},"1":{"start":{"line":3,"column":4},"end":{"line":10,"column":7}},"2":{"start":{"line":4,"column":6},"end":{"line":4,"column":27}},"3":{"start":{"line":5,"column":18},"end":{"line":5,"column":56}},"4":{"start":{"line":6,"column":6},"end":{"line":6,"column":35}},"5":{"start":{"line":7,"column":6},"end":{"line":9,"column":8}}},"fnMap":{"0":{"name":"readInventoriesTest","decl":{"start":{"line":1,"column":9},"end":{"line":1,"column":28}},"loc":{"start":{"line":1,"column":31},"end":{"line":12,"column":1}},"line":1},"1":{"name":"(anonymous_1)","decl":{"start":{"line":2,"column":39},"end":{"line":2,"column":40}},"loc":{"start":{"line":2,"column":45},"end":{"line":11,"column":3}},"line":2},"2":{"name":"(anonymous_2)","decl":{"start":{"line":3,"column":15},"end":{"line":3,"column":16}},"loc":{"start":{"line":3,"column":27},"end":{"line":10,"column":5}},"line":3}},"branchMap":{},"s":{"0":1,"1":1,"2":1,"3":1,"4":0,"5":0},"f":{"0":1,"1":1,"2":1},"b":{},"_coverageSchema":"43e27e138ebf9cfc5966b082cf9a028302ed4184","hash":"1e215f9dd1491d757f948bd597bc79823d96fbd8"}
,"/Users/ryotogashi/simple-order-service/src/index.js": {"path":"/Users/ryotogashi/simple-order-service/src/index.js","statementMap":{"0":{"start":{"line":5,"column":12},"end":{"line":5,"column":21}},"1":{"start":{"line":7,"column":0},"end":{"line":7,"column":24}},"2":{"start":{"line":8,"column":0},"end":{"line":8,"column":49}},"3":{"start":{"line":10,"column":0},"end":{"line":10,"column":40}}},"fnMap":{},"branchMap":{},"s":{"0":1,"1":1,"2":1,"3":1},"f":{},"b":{},"_coverageSchema":"43e27e138ebf9cfc5966b082cf9a028302ed4184","hash":"8667a38f0eac51b06de8aea1d4b50d6e2002125e"}
,"/Users/ryotogashi/simple-order-service/src/db/DBCommon.js": {"path":"/Users/ryotogashi/simple-order-service/src/db/DBCommon.js","statementMap":{"0":{"start":{"line":3,"column":15},"end":{"line":3,"column":19}},"1":{"start":{"line":7,"column":4},"end":{"line":12,"column":5}},"2":{"start":{"line":8,"column":6},"end":{"line":11,"column":8}},"3":{"start":{"line":13,"column":4},"end":{"line":13,"column":20}},"4":{"start":{"line":17,"column":4},"end":{"line":19,"column":5}},"5":{"start":{"line":18,"column":6},"end":{"line":18,"column":23}}},"fnMap":{"0":{"name":"(anonymous_0)","decl":{"start":{"line":6,"column":2},"end":{"line":6,"column":3}},"loc":{"start":{"line":6,"column":16},"end":{"line":14,"column":3}},"line":6},"1":{"name":"(anonymous_1)","decl":{"start":{"line":16,"column":2},"end":{"line":16,"column":3}},"loc":{"start":{"line":16,"column":10},"end":{"line":20,"column":3}},"line":16}},"branchMap":{"0":{"loc":{"start":{"line":7,"column":4},"end":{"line":12,"column":5}},"type":"if","locations":[{"start":{"line":7,"column":4},"end":{"line":12,"column":5}},{"start":{"line":7,"column":4},"end":{"line":12,"column":5}}],"line":7},"1":{"loc":{"start":{"line":17,"column":4},"end":{"line":19,"column":5}},"type":"if","locations":[{"start":{"line":17,"column":4},"end":{"line":19,"column":5}},{"start":{"line":17,"column":4},"end":{"line":19,"column":5}}],"line":17}},"s":{"0":1,"1":1,"2":1,"3":1,"4":0,"5":0},"f":{"0":1,"1":0},"b":{"0":[1,0],"1":[0,0]},"_coverageSchema":"43e27e138ebf9cfc5966b082cf9a028302ed4184","hash":"ab22d798a9fee22bf4df91b8bb30c03e028729a3"}
,"/Users/ryotogashi/simple-order-service/src/db/InventoryTable.js": {"path":"/Users/ryotogashi/simple-order-service/src/db/InventoryTable.js","statementMap":{"0":{"start":{"line":14,"column":15},"end":{"line":14,"column":29}},"1":{"start":{"line":15,"column":4},"end":{"line":20,"column":7}},"2":{"start":{"line":16,"column":6},"end":{"line":16,"column":42}},"3":{"start":{"line":17,"column":6},"end":{"line":19,"column":8}},"4":{"start":{"line":24,"column":15},"end":{"line":24,"column":29}},"5":{"start":{"line":25,"column":4},"end":{"line":29,"column":6}},"6":{"start":{"line":26,"column":6},"end":{"line":28,"column":7}},"7":{"start":{"line":27,"column":8},"end":{"line":27,"column":41}},"8":{"start":{"line":33,"column":15},"end":{"line":33,"column":29}},"9":{"start":{"line":34,"column":4},"end":{"line":38,"column":6}},"10":{"start":{"line":35,"column":6},"end":{"line":37,"column":7}},"11":{"start":{"line":36,"column":8},"end":{"line":36,"column":40}},"12":{"start":{"line":42,"column":15},"end":{"line":42,"column":29}},"13":{"start":{"line":43,"column":4},"end":{"line":47,"column":6}},"14":{"start":{"line":44,"column":6},"end":{"line":46,"column":7}},"15":{"start":{"line":45,"column":8},"end":{"line":45,"column":37}},"16":{"start":{"line":57,"column":15},"end":{"line":57,"column":29}},"17":{"start":{"line":58,"column":4},"end":{"line":65,"column":7}},"18":{"start":{"line":59,"column":6},"end":{"line":61,"column":8}},"19":{"start":{"line":62,"column":6},"end":{"line":64,"column":8}}},"fnMap":{"0":{"name":"(anonymous_0)","decl":{"start":{"line":13,"column":2},"end":{"line":13,"column":3}},"loc":{"start":{"line":13,"column":77},"end":{"line":21,"column":3}},"line":13},"1":{"name":"(anonymous_1)","decl":{"start":{"line":15,"column":23},"end":{"line":15,"column":24}},"loc":{"start":{"line":15,"column":35},"end":{"line":20,"column":5}},"line":15},"2":{"name":"(anonymous_2)","decl":{"start":{"line":23,"column":2},"end":{"line":23,"column":3}},"loc":{"start":{"line":23,"column":26},"end":{"line":30,"column":3}},"line":23},"3":{"name":"(anonymous_3)","decl":{"start":{"line":25,"column":23},"end":{"line":25,"column":24}},"loc":{"start":{"line":26,"column":6},"end":{"line":28,"column":7}},"line":26},"4":{"name":"(anonymous_4)","decl":{"start":{"line":26,"column":37},"end":{"line":26,"column":38}},"loc":{"start":{"line":27,"column":8},"end":{"line":27,"column":41}},"line":27},"5":{"name":"(anonymous_5)","decl":{"start":{"line":32,"column":2},"end":{"line":32,"column":3}},"loc":{"start":{"line":32,"column":26},"end":{"line":39,"column":3}},"line":32},"6":{"name":"(anonymous_6)","decl":{"start":{"line":34,"column":23},"end":{"line":34,"column":24}},"loc":{"start":{"line":35,"column":6},"end":{"line":37,"column":7}},"line":35},"7":{"name":"(anonymous_7)","decl":{"start":{"line":35,"column":38},"end":{"line":35,"column":39}},"loc":{"start":{"line":36,"column":8},"end":{"line":36,"column":40}},"line":36},"8":{"name":"(anonymous_8)","decl":{"start":{"line":41,"column":2},"end":{"line":41,"column":3}},"loc":{"start":{"line":41,"column":28},"end":{"line":48,"column":3}},"line":41},"9":{"name":"(anonymous_9)","decl":{"start":{"line":43,"column":23},"end":{"line":43,"column":24}},"loc":{"start":{"line":44,"column":6},"end":{"line":46,"column":7}},"line":44},"10":{"name":"(anonymous_10)","decl":{"start":{"line":44,"column":38},"end":{"line":44,"column":39}},"loc":{"start":{"line":45,"column":8},"end":{"line":45,"column":37}},"line":45},"11":{"name":"(anonymous_11)","decl":{"start":{"line":50,"column":2},"end":{"line":50,"column":3}},"loc":{"start":{"line":56,"column":4},"end":{"line":66,"column":3}},"line":56},"12":{"name":"(anonymous_12)","decl":{"start":{"line":58,"column":30},"end":{"line":58,"column":31}},"loc":{"start":{"line":58,"column":42},"end":{"line":65,"column":5}},"line":58}},"branchMap":{"0":{"loc":{"start":{"line":27,"column":8},"end":{"line":27,"column":41}},"type":"cond-expr","locations":[{"start":{"line":27,"column":14},"end":{"line":27,"column":25}},{"start":{"line":27,"column":28},"end":{"line":27,"column":41}}],"line":27},"1":{"loc":{"start":{"line":36,"column":8},"end":{"line":36,"column":40}},"type":"cond-expr","locations":[{"start":{"line":36,"column":14},"end":{"line":36,"column":25}},{"start":{"line":36,"column":28},"end":{"line":36,"column":40}}],"line":36},"2":{"loc":{"start":{"line":45,"column":8},"end":{"line":45,"column":37}},"type":"cond-expr","locations":[{"start":{"line":45,"column":14},"end":{"line":45,"column":25}},{"start":{"line":45,"column":28},"end":{"line":45,"column":37}}],"line":45},"3":{"loc":{"start":{"line":52,"column":4},"end":{"line":52,"column":15}},"type":"default-arg","locations":[{"start":{"line":52,"column":11},"end":{"line":52,"column":15}}],"line":52},"4":{"loc":{"start":{"line":53,"column":4},"end":{"line":53,"column":22}},"type":"default-arg","locations":[{"start":{"line":53,"column":18},"end":{"line":53,"column":22}}],"line":53},"5":{"loc":{"start":{"line":54,"column":4},"end":{"line":54,"column":16}},"type":"default-arg","locations":[{"start":{"line":54,"column":12},"end":{"line":54,"column":16}}],"line":54},"6":{"loc":{"start":{"line":55,"column":4},"end":{"line":55,"column":29}},"type":"default-arg","locations":[{"start":{"line":55,"column":25},"end":{"line":55,"column":29}}],"line":55}},"s":{"0":1,"1":1,"2":1,"3":1,"4":0,"5":0,"6":0,"7":0,"8":0,"9":0,"10":0,"11":0,"12":0,"13":0,"14":0,"15":0,"16":0,"17":0,"18":0,"19":0},"f":{"0":1,"1":1,"2":0,"3":0,"4":0,"5":0,"6":0,"7":0,"8":0,"9":0,"10":0,"11":0,"12":0},"b":{"0":[0,0],"1":[0,0],"2":[0,0],"3":[0],"4":[0],"5":[0],"6":[0]},"_coverageSchema":"43e27e138ebf9cfc5966b082cf9a028302ed4184","hash":"27b745f6038e828e2c08dad5beee93a1737cd192"}
,"/Users/ryotogashi/simple-order-service/src/db/invnetoryQueries.js": {"path":"/Users/ryotogashi/simple-order-service/src/db/invnetoryQueries.js","statementMap":{"0":{"start":{"line":3,"column":35},"end":{"line":13,"column":3}},"1":{"start":{"line":4,"column":2},"end":{"line":13,"column":3}},"2":{"start":{"line":15,"column":35},"end":{"line":21,"column":142}},"3":{"start":{"line":21,"column":2},"end":{"line":21,"column":142}},"4":{"start":{"line":23,"column":36},"end":{"line":23,"column":67}},"5":{"start":{"line":23,"column":42},"end":{"line":23,"column":67}},"6":{"start":{"line":25,"column":35},"end":{"line":26,"column":54}},"7":{"start":{"line":26,"column":2},"end":{"line":26,"column":54}},"8":{"start":{"line":28,"column":35},"end":{"line":45,"column":1}},"9":{"start":{"line":35,"column":2},"end":{"line":35,"column":74}},"10":{"start":{"line":35,"column":62},"end":{"line":35,"column":74}},"11":{"start":{"line":37,"column":16},"end":{"line":42,"column":4}},"12":{"start":{"line":44,"column":2},"end":{"line":44,"column":68}},"13":{"start":{"line":47,"column":35},"end":{"line":48,"column":52}},"14":{"start":{"line":48,"column":2},"end":{"line":48,"column":52}},"15":{"start":{"line":50,"column":43},"end":{"line":51,"column":97}},"16":{"start":{"line":51,"column":2},"end":{"line":51,"column":97}}},"fnMap":{"0":{"name":"(anonymous_0)","decl":{"start":{"line":3,"column":35},"end":{"line":3,"column":36}},"loc":{"start":{"line":4,"column":2},"end":{"line":13,"column":3}},"line":4},"1":{"name":"(anonymous_1)","decl":{"start":{"line":15,"column":35},"end":{"line":15,"column":36}},"loc":{"start":{"line":21,"column":2},"end":{"line":21,"column":142}},"line":21},"2":{"name":"(anonymous_2)","decl":{"start":{"line":23,"column":36},"end":{"line":23,"column":37}},"loc":{"start":{"line":23,"column":42},"end":{"line":23,"column":67}},"line":23},"3":{"name":"(anonymous_3)","decl":{"start":{"line":25,"column":35},"end":{"line":25,"column":36}},"loc":{"start":{"line":26,"column":2},"end":{"line":26,"column":54}},"line":26},"4":{"name":"(anonymous_4)","decl":{"start":{"line":28,"column":35},"end":{"line":28,"column":36}},"loc":{"start":{"line":34,"column":5},"end":{"line":45,"column":1}},"line":34},"5":{"name":"(anonymous_5)","decl":{"start":{"line":47,"column":35},"end":{"line":47,"column":36}},"loc":{"start":{"line":48,"column":2},"end":{"line":48,"column":52}},"line":48},"6":{"name":"(anonymous_6)","decl":{"start":{"line":50,"column":43},"end":{"line":50,"column":44}},"loc":{"start":{"line":51,"column":2},"end":{"line":51,"column":97}},"line":51}},"branchMap":{"0":{"loc":{"start":{"line":35,"column":2},"end":{"line":35,"column":74}},"type":"if","locations":[{"start":{"line":35,"column":2},"end":{"line":35,"column":74}},{"start":{"line":35,"column":2},"end":{"line":35,"column":74}}],"line":35},"1":{"loc":{"start":{"line":35,"column":6},"end":{"line":35,"column":60}},"type":"binary-expr","locations":[{"start":{"line":35,"column":6},"end":{"line":35,"column":11}},{"start":{"line":35,"column":15},"end":{"line":35,"column":27}},{"start":{"line":35,"column":31},"end":{"line":35,"column":37}},{"start":{"line":35,"column":41},"end":{"line":35,"column":60}}],"line":35}},"s":{"0":1,"1":1,"2":1,"3":1,"4":1,"5":0,"6":1,"7":0,"8":1,"9":0,"10":0,"11":0,"12":0,"13":1,"14":0,"15":1,"16":0},"f":{"0":1,"1":1,"2":0,"3":0,"4":0,"5":0,"6":0},"b":{"0":[0,0],"1":[0,0,0,0]},"_coverageSchema":"43e27e138ebf9cfc5966b082cf9a028302ed4184","hash":"78d15a2af5684643411a70201dc0a2333c80be7d"}
,"/Users/ryotogashi/simple-order-service/src/db/utils.js": {"path":"/Users/ryotogashi/simple-order-service/src/db/utils.js","statementMap":{"0":{"start":{"line":1,"column":36},"end":{"line":13,"column":1}},"1":{"start":{"line":2,"column":2},"end":{"line":12,"column":18}},"2":{"start":{"line":4,"column":25},"end":{"line":4,"column":26}},"3":{"start":{"line":5,"column":6},"end":{"line":5,"column":28}},"4":{"start":{"line":8,"column":28},"end":{"line":8,"column":32}},"5":{"start":{"line":9,"column":6},"end":{"line":9,"column":77}},"6":{"start":{"line":9,"column":37},"end":{"line":9,"column":77}},"7":{"start":{"line":10,"column":6},"end":{"line":10,"column":44}}},"fnMap":{"0":{"name":"(anonymous_0)","decl":{"start":{"line":1,"column":36},"end":{"line":1,"column":37}},"loc":{"start":{"line":1,"column":45},"end":{"line":13,"column":1}},"line":1},"1":{"name":"(anonymous_1)","decl":{"start":{"line":3,"column":12},"end":{"line":3,"column":13}},"loc":{"start":{"line":3,"column":17},"end":{"line":6,"column":5}},"line":3},"2":{"name":"(anonymous_2)","decl":{"start":{"line":7,"column":12},"end":{"line":7,"column":13}},"loc":{"start":{"line":7,"column":30},"end":{"line":11,"column":5}},"line":7}},"branchMap":{"0":{"loc":{"start":{"line":9,"column":6},"end":{"line":9,"column":77}},"type":"if","locations":[{"start":{"line":9,"column":6},"end":{"line":9,"column":77}},{"start":{"line":9,"column":6},"end":{"line":9,"column":77}}],"line":9}},"s":{"0":1,"1":0,"2":0,"3":0,"4":0,"5":0,"6":0,"7":0},"f":{"0":0,"1":0,"2":0},"b":{"0":[0,0]},"_coverageSchema":"43e27e138ebf9cfc5966b082cf9a028302ed4184","hash":"53135d59f1d0880fe930c93695aab6a830cb7ac0"}
,"/Users/ryotogashi/simple-order-service/src/inventory/createInventory.js": {"path":"/Users/ryotogashi/simple-order-service/src/inventory/createInventory.js","statementMap":{"0":{"start":{"line":4,"column":15},"end":{"line":4,"column":31}},"1":{"start":{"line":5,"column":22},"end":{"line":5,"column":45}},"2":{"start":{"line":6,"column":16},"end":{"line":6,"column":33}},"3":{"start":{"line":7,"column":28},"end":{"line":7,"column":58}},"4":{"start":{"line":8,"column":2},"end":{"line":28,"column":3}},"5":{"start":{"line":9,"column":4},"end":{"line":10,"column":55}},"6":{"start":{"line":10,"column":6},"end":{"line":10,"column":55}},"7":{"start":{"line":11,"column":4},"end":{"line":12,"column":62}},"8":{"start":{"line":12,"column":6},"end":{"line":12,"column":62}},"9":{"start":{"line":13,"column":4},"end":{"line":14,"column":56}},"10":{"start":{"line":14,"column":6},"end":{"line":14,"column":56}},"11":{"start":{"line":15,"column":4},"end":{"line":16,"column":69}},"12":{"start":{"line":16,"column":6},"end":{"line":16,"column":69}},"13":{"start":{"line":18,"column":4},"end":{"line":23,"column":6}},"14":{"start":{"line":25,"column":4},"end":{"line":25,"column":61}},"15":{"start":{"line":27,"column":4},"end":{"line":27,"column":35}}},"fnMap":{"0":{"name":"createInventory","decl":{"start":{"line":3,"column":15},"end":{"line":3,"column":30}},"loc":{"start":{"line":3,"column":41},"end":{"line":29,"column":1}},"line":3}},"branchMap":{"0":{"loc":{"start":{"line":9,"column":4},"end":{"line":10,"column":55}},"type":"if","locations":[{"start":{"line":9,"column":4},"end":{"line":10,"column":55}},{"start":{"line":9,"column":4},"end":{"line":10,"column":55}}],"line":9},"1":{"loc":{"start":{"line":11,"column":4},"end":{"line":12,"column":62}},"type":"if","locations":[{"start":{"line":11,"column":4},"end":{"line":12,"column":62}},{"start":{"line":11,"column":4},"end":{"line":12,"column":62}}],"line":11},"2":{"loc":{"start":{"line":13,"column":4},"end":{"line":14,"column":56}},"type":"if","locations":[{"start":{"line":13,"column":4},"end":{"line":14,"column":56}},{"start":{"line":13,"column":4},"end":{"line":14,"column":56}}],"line":13},"3":{"loc":{"start":{"line":15,"column":4},"end":{"line":16,"column":69}},"type":"if","locations":[{"start":{"line":15,"column":4},"end":{"line":16,"column":69}},{"start":{"line":15,"column":4},"end":{"line":16,"column":69}}],"line":15}},"s":{"0":1,"1":1,"2":1,"3":1,"4":1,"5":1,"6":0,"7":1,"8":0,"9":1,"10":0,"11":1,"12":0,"13":1,"14":1,"15":0},"f":{"0":1},"b":{"0":[0,1],"1":[0,1],"2":[0,1],"3":[0,1]},"_coverageSchema":"43e27e138ebf9cfc5966b082cf9a028302ed4184","hash":"a2d16f17727d091cc81f8e89b8f08cf8d2c253b6"}
,"/Users/ryotogashi/simple-order-service/src/inventory/deleteInventoryById.js": {"path":"/Users/ryotogashi/simple-order-service/src/inventory/deleteInventoryById.js","statementMap":{"0":{"start":{"line":4,"column":22},"end":{"line":4,"column":35}},"1":{"start":{"line":5,"column":2},"end":{"line":15,"column":3}},"2":{"start":{"line":6,"column":4},"end":{"line":7,"column":69}},"3":{"start":{"line":7,"column":6},"end":{"line":7,"column":69}},"4":{"start":{"line":9,"column":4},"end":{"line":9,"column":53}},"5":{"start":{"line":11,"column":4},"end":{"line":11,"column":63}},"6":{"start":{"line":13,"column":4},"end":{"line":13,"column":23}},"7":{"start":{"line":14,"column":4},"end":{"line":14,"column":35}}},"fnMap":{"0":{"name":"deleteInventoryById","decl":{"start":{"line":3,"column":15},"end":{"line":3,"column":34}},"loc":{"start":{"line":3,"column":45},"end":{"line":16,"column":1}},"line":3}},"branchMap":{"0":{"loc":{"start":{"line":6,"column":4},"end":{"line":7,"column":69}},"type":"if","locations":[{"start":{"line":6,"column":4},"end":{"line":7,"column":69}},{"start":{"line":6,"column":4},"end":{"line":7,"column":69}}],"line":6}},"s":{"0":0,"1":0,"2":0,"3":0,"4":0,"5":0,"6":0,"7":0},"f":{"0":0},"b":{"0":[0,0]},"_coverageSchema":"43e27e138ebf9cfc5966b082cf9a028302ed4184","hash":"5963caa88e26ba48fdf6706fdce0fb1d9e4aba86"}
,"/Users/ryotogashi/simple-order-service/src/inventory/getInventories.js": {"path":"/Users/ryotogashi/simple-order-service/src/inventory/getInventories.js","statementMap":{"0":{"start":{"line":4,"column":2},"end":{"line":4,"column":50}}},"fnMap":{"0":{"name":"getInventories","decl":{"start":{"line":3,"column":15},"end":{"line":3,"column":29}},"loc":{"start":{"line":3,"column":38},"end":{"line":5,"column":1}},"line":3}},"branchMap":{},"s":{"0":0},"f":{"0":0},"b":{},"_coverageSchema":"43e27e138ebf9cfc5966b082cf9a028302ed4184","hash":"535c70b24fc8a2ae6f2fc97d4579fa4788612fe3"}
,"/Users/ryotogashi/simple-order-service/src/inventory/getInventoryById.js": {"path":"/Users/ryotogashi/simple-order-service/src/inventory/getInventoryById.js","statementMap":{"0":{"start":{"line":4,"column":21},"end":{"line":4,"column":34}},"1":{"start":{"line":5,"column":2},"end":{"line":12,"column":3}},"2":{"start":{"line":6,"column":21},"end":{"line":6,"column":66}},"3":{"start":{"line":7,"column":4},"end":{"line":8,"column":67}},"4":{"start":{"line":8,"column":6},"end":{"line":8,"column":67}},"5":{"start":{"line":9,"column":4},"end":{"line":9,"column":23}},"6":{"start":{"line":11,"column":4},"end":{"line":11,"column":23}}},"fnMap":{"0":{"name":"getInventoryById","decl":{"start":{"line":3,"column":15},"end":{"line":3,"column":31}},"loc":{"start":{"line":3,"column":42},"end":{"line":13,"column":1}},"line":3}},"branchMap":{"0":{"loc":{"start":{"line":7,"column":4},"end":{"line":8,"column":67}},"type":"if","locations":[{"start":{"line":7,"column":4},"end":{"line":8,"column":67}},{"start":{"line":7,"column":4},"end":{"line":8,"column":67}}],"line":7}},"s":{"0":0,"1":0,"2":0,"3":0,"4":0,"5":0,"6":0},"f":{"0":0},"b":{"0":[0,0]},"_coverageSchema":"43e27e138ebf9cfc5966b082cf9a028302ed4184","hash":"e67944aea1cc7a2f7a88f35fc9fda07bf7263e14"}
,"/Users/ryotogashi/simple-order-service/src/inventory/inventoryRoute.js": {"path":"/Users/ryotogashi/simple-order-service/src/inventory/inventoryRoute.js","statementMap":{"0":{"start":{"line":9,"column":23},"end":{"line":9,"column":39}},"1":{"start":{"line":11,"column":0},"end":{"line":11,"column":40}},"2":{"start":{"line":12,"column":0},"end":{"line":12,"column":45}},"3":{"start":{"line":13,"column":0},"end":{"line":13,"column":42}},"4":{"start":{"line":14,"column":0},"end":{"line":14,"column":48}},"5":{"start":{"line":15,"column":0},"end":{"line":15,"column":51}}},"fnMap":{},"branchMap":{},"s":{"0":1,"1":1,"2":1,"3":1,"4":1,"5":1},"f":{},"b":{},"_coverageSchema":"43e27e138ebf9cfc5966b082cf9a028302ed4184","hash":"1dc3c40eb3e12e0475170c4b54a4c92971c334f8"}
,"/Users/ryotogashi/simple-order-service/src/inventory/updateInventoryById.js": {"path":"/Users/ryotogashi/simple-order-service/src/inventory/updateInventoryById.js","statementMap":{"0":{"start":{"line":4,"column":22},"end":{"line":4,"column":35}},"1":{"start":{"line":5,"column":15},"end":{"line":5,"column":31}},"2":{"start":{"line":6,"column":22},"end":{"line":6,"column":45}},"3":{"start":{"line":7,"column":16},"end":{"line":7,"column":33}},"4":{"start":{"line":8,"column":28},"end":{"line":8,"column":58}},"5":{"start":{"line":9,"column":2},"end":{"line":32,"column":3}},"6":{"start":{"line":10,"column":4},"end":{"line":11,"column":69}},"7":{"start":{"line":11,"column":6},"end":{"line":11,"column":69}},"8":{"start":{"line":13,"column":4},"end":{"line":14,"column":55}},"9":{"start":{"line":14,"column":6},"end":{"line":14,"column":55}},"10":{"start":{"line":15,"column":4},"end":{"line":16,"column":62}},"11":{"start":{"line":16,"column":6},"end":{"line":16,"column":62}},"12":{"start":{"line":17,"column":4},"end":{"line":18,"column":56}},"13":{"start":{"line":18,"column":6},"end":{"line":18,"column":56}},"14":{"start":{"line":19,"column":4},"end":{"line":20,"column":69}},"15":{"start":{"line":20,"column":6},"end":{"line":20,"column":69}},"16":{"start":{"line":22,"column":4},"end":{"line":28,"column":6}},"17":{"start":{"line":29,"column":4},"end":{"line":29,"column":54}},"18":{"start":{"line":31,"column":4},"end":{"line":31,"column":35}}},"fnMap":{"0":{"name":"updateInventoryById","decl":{"start":{"line":3,"column":15},"end":{"line":3,"column":34}},"loc":{"start":{"line":3,"column":45},"end":{"line":33,"column":1}},"line":3}},"branchMap":{"0":{"loc":{"start":{"line":10,"column":4},"end":{"line":11,"column":69}},"type":"if","locations":[{"start":{"line":10,"column":4},"end":{"line":11,"column":69}},{"start":{"line":10,"column":4},"end":{"line":11,"column":69}}],"line":10},"1":{"loc":{"start":{"line":13,"column":4},"end":{"line":14,"column":55}},"type":"if","locations":[{"start":{"line":13,"column":4},"end":{"line":14,"column":55}},{"start":{"line":13,"column":4},"end":{"line":14,"column":55}}],"line":13},"2":{"loc":{"start":{"line":15,"column":4},"end":{"line":16,"column":62}},"type":"if","locations":[{"start":{"line":15,"column":4},"end":{"line":16,"column":62}},{"start":{"line":15,"column":4},"end":{"line":16,"column":62}}],"line":15},"3":{"loc":{"start":{"line":17,"column":4},"end":{"line":18,"column":56}},"type":"if","locations":[{"start":{"line":17,"column":4},"end":{"line":18,"column":56}},{"start":{"line":17,"column":4},"end":{"line":18,"column":56}}],"line":17},"4":{"loc":{"start":{"line":19,"column":4},"end":{"line":20,"column":69}},"type":"if","locations":[{"start":{"line":19,"column":4},"end":{"line":20,"column":69}},{"start":{"line":19,"column":4},"end":{"line":20,"column":69}}],"line":19}},"s":{"0":0,"1":0,"2":0,"3":0,"4":0,"5":0,"6":0,"7":0,"8":0,"9":0,"10":0,"11":0,"12":0,"13":0,"14":0,"15":0,"16":0,"17":0,"18":0},"f":{"0":0},"b":{"0":[0,0],"1":[0,0],"2":[0,0],"3":[0,0],"4":[0,0]},"_coverageSchema":"43e27e138ebf9cfc5966b082cf9a028302ed4184","hash":"32332d154b2c2a2ca7be5b4d3e0ba99a4d742b86"}
}
